{"D:/Workspace/people-web/src/App.tsx": {"path":"D:/Workspace/people-web/src/App.tsx","statementMap":{"0":{"start":{"line":6,"column":16},"end":{"line":12,"column":null}},"1":{"start":{"line":7,"column":2},"end":{"line":10,"column":null}}},"fnMap":{"0":{"name":"(anonymous_0)","decl":{"start":{"line":6,"column":16},"end":{"line":6,"column":22}},"loc":{"start":{"line":6,"column":22},"end":{"line":12,"column":null}}}},"branchMap":{},"s":{"0":0,"1":0},"f":{"0":0},"b":{}}
,"D:/Workspace/people-web/src/main.tsx": {"path":"D:/Workspace/people-web/src/main.tsx","statementMap":{"0":{"start":{"line":6,"column":0},"end":{"line":10,"column":null}}},"fnMap":{},"branchMap":{},"s":{"0":0},"f":{},"b":{}}
,"D:/Workspace/people-web/src/routing.tsx": {"path":"D:/Workspace/people-web/src/routing.tsx","statementMap":{"0":{"start":{"line":8,"column":20},"end":{"line":15,"column":null}},"1":{"start":{"line":9,"column":25},"end":{"line":9,"column":null}},"2":{"start":{"line":11,"column":2},"end":{"line":13,"column":null}},"3":{"start":{"line":12,"column":4},"end":{"line":12,"column":null}},"4":{"start":{"line":14,"column":2},"end":{"line":14,"column":null}}},"fnMap":{"0":{"name":"(anonymous_0)","decl":{"start":{"line":8,"column":20},"end":{"line":8,"column":26}},"loc":{"start":{"line":8,"column":26},"end":{"line":15,"column":null}}}},"branchMap":{"0":{"loc":{"start":{"line":11,"column":2},"end":{"line":13,"column":null}},"type":"if","locations":[{"start":{"line":11,"column":2},"end":{"line":13,"column":null}},{"start":{},"end":{}}]}},"s":{"0":0,"1":0,"2":0,"3":0,"4":0},"f":{"0":0},"b":{"0":[0,0]}}
,"D:/Workspace/people-web/src/store.ts": {"path":"D:/Workspace/people-web/src/store.ts","statementMap":{"0":{"start":{"line":7,"column":21},"end":{"line":16,"column":null}},"1":{"start":{"line":15,"column":4},"end":{"line":15,"column":null}}},"fnMap":{"0":{"name":"(anonymous_0)","decl":{"start":{"line":14,"column":14},"end":{"line":14,"column":15}},"loc":{"start":{"line":15,"column":4},"end":{"line":15,"column":null}}}},"branchMap":{},"s":{"0":0,"1":0},"f":{"0":0},"b":{}}
,"D:/Workspace/people-web/src/components/AddPeopleDialog/AddPeopleDialog.tsx": {"path":"D:/Workspace/people-web/src/components/AddPeopleDialog/AddPeopleDialog.tsx","statementMap":{"0":{"start":{"line":10,"column":51},"end":{"line":138,"column":null}},"1":{"start":{"line":17,"column":6},"end":{"line":17,"column":null}},"2":{"start":{"line":19,"column":23},"end":{"line":24,"column":null}},"3":{"start":{"line":20,"column":27},"end":{"line":22,"column":null}},"4":{"start":{"line":21,"column":6},"end":{"line":21,"column":null}},"5":{"start":{"line":26,"column":2},"end":{"line":136,"column":null}}},"fnMap":{"0":{"name":"(anonymous_0)","decl":{"start":{"line":10,"column":51},"end":{"line":10,"column":52}},"loc":{"start":{"line":10,"column":74},"end":{"line":138,"column":null}}},"1":{"name":"(anonymous_1)","decl":{"start":{"line":20,"column":4},"end":{"line":20,"column":5}},"loc":{"start":{"line":20,"column":27},"end":{"line":22,"column":null}}},"2":{"name":"(anonymous_2)","decl":{"start":{"line":20,"column":27},"end":{"line":20,"column":28}},"loc":{"start":{"line":20,"column":65},"end":{"line":22,"column":null}}}},"branchMap":{},"s":{"0":1,"1":8,"2":8,"3":88,"4":4,"5":8},"f":{"0":8,"1":88,"2":4},"b":{}}
,"D:/Workspace/people-web/src/components/AddPeopleDialog/useAddPeople.ts": {"path":"D:/Workspace/people-web/src/components/AddPeopleDialog/useAddPeople.ts","statementMap":{"0":{"start":{"line":8,"column":30},"end":{"line":20,"column":null}},"1":{"start":{"line":8,"column":61},"end":{"line":20,"column":null}},"2":{"start":{"line":22,"column":23},"end":{"line":39,"column":null}},"3":{"start":{"line":23,"column":2},"end":{"line":37,"column":null}},"4":{"start":{"line":36,"column":4},"end":{"line":36,"column":null}},"5":{"start":{"line":38,"column":2},"end":{"line":38,"column":null}},"6":{"start":{"line":41,"column":21},"end":{"line":77,"column":null}},"7":{"start":{"line":42,"column":54},"end":{"line":42,"column":null}},"8":{"start":{"line":43,"column":30},"end":{"line":43,"column":null}},"9":{"start":{"line":44,"column":55},"end":{"line":44,"column":null}},"10":{"start":{"line":46,"column":29},"end":{"line":48,"column":null}},"11":{"start":{"line":47,"column":4},"end":{"line":47,"column":null}},"12":{"start":{"line":47,"column":30},"end":{"line":47,"column":63}},"13":{"start":{"line":50,"column":29},"end":{"line":55,"column":null}},"14":{"start":{"line":51,"column":4},"end":{"line":51,"column":null}},"15":{"start":{"line":52,"column":4},"end":{"line":54,"column":null}},"16":{"start":{"line":53,"column":6},"end":{"line":53,"column":null}},"17":{"start":{"line":57,"column":2},"end":{"line":61,"column":null}},"18":{"start":{"line":58,"column":4},"end":{"line":60,"column":null}},"19":{"start":{"line":59,"column":6},"end":{"line":59,"column":null}},"20":{"start":{"line":63,"column":17},"end":{"line":63,"column":null}},"21":{"start":{"line":64,"column":2},"end":{"line":68,"column":null}},"22":{"start":{"line":65,"column":4},"end":{"line":67,"column":null}},"23":{"start":{"line":70,"column":2},"end":{"line":76,"column":null}}},"fnMap":{"0":{"name":"(anonymous_0)","decl":{"start":{"line":8,"column":30},"end":{"line":8,"column":61}},"loc":{"start":{"line":8,"column":61},"end":{"line":20,"column":null}}},"1":{"name":"(anonymous_1)","decl":{"start":{"line":22,"column":23},"end":{"line":22,"column":24}},"loc":{"start":{"line":22,"column":72},"end":{"line":39,"column":null}}},"2":{"name":"(anonymous_2)","decl":{"start":{"line":41,"column":21},"end":{"line":41,"column":22}},"loc":{"start":{"line":41,"column":52},"end":{"line":77,"column":null}}},"3":{"name":"(anonymous_3)","decl":{"start":{"line":46,"column":41},"end":{"line":46,"column":42}},"loc":{"start":{"line":46,"column":75},"end":{"line":48,"column":5}}},"4":{"name":"(anonymous_4)","decl":{"start":{"line":47,"column":14},"end":{"line":47,"column":15}},"loc":{"start":{"line":47,"column":30},"end":{"line":47,"column":63}}},"5":{"name":"(anonymous_5)","decl":{"start":{"line":50,"column":41},"end":{"line":50,"column":47}},"loc":{"start":{"line":50,"column":47},"end":{"line":55,"column":5}}},"6":{"name":"(anonymous_6)","decl":{"start":{"line":57,"column":12},"end":{"line":57,"column":18}},"loc":{"start":{"line":57,"column":18},"end":{"line":61,"column":5}}}},"branchMap":{"0":{"loc":{"start":{"line":23,"column":2},"end":{"line":37,"column":null}},"type":"if","locations":[{"start":{"line":23,"column":2},"end":{"line":37,"column":null}},{"start":{},"end":{}}]},"1":{"loc":{"start":{"line":24,"column":4},"end":{"line":34,"column":null}},"type":"binary-expr","locations":[{"start":{"line":24,"column":4},"end":{"line":24,"column":null}},{"start":{"line":25,"column":4},"end":{"line":25,"column":null}},{"start":{"line":26,"column":4},"end":{"line":26,"column":null}},{"start":{"line":27,"column":4},"end":{"line":27,"column":null}},{"start":{"line":28,"column":4},"end":{"line":28,"column":null}},{"start":{"line":29,"column":4},"end":{"line":29,"column":null}},{"start":{"line":30,"column":4},"end":{"line":30,"column":null}},{"start":{"line":31,"column":4},"end":{"line":31,"column":null}},{"start":{"line":32,"column":4},"end":{"line":32,"column":null}},{"start":{"line":33,"column":4},"end":{"line":33,"column":null}},{"start":{"line":34,"column":4},"end":{"line":34,"column":null}}]},"2":{"loc":{"start":{"line":52,"column":4},"end":{"line":54,"column":null}},"type":"if","locations":[{"start":{"line":52,"column":4},"end":{"line":54,"column":null}},{"start":{},"end":{}}]},"3":{"loc":{"start":{"line":58,"column":4},"end":{"line":60,"column":null}},"type":"if","locations":[{"start":{"line":58,"column":4},"end":{"line":60,"column":null}},{"start":{},"end":{}}]},"4":{"loc":{"start":{"line":64,"column":2},"end":{"line":68,"column":null}},"type":"if","locations":[{"start":{"line":64,"column":2},"end":{"line":68,"column":null}},{"start":{},"end":{}}]},"5":{"loc":{"start":{"line":65,"column":15},"end":{"line":67,"column":null}},"type":"cond-expr","locations":[{"start":{"line":66,"column":8},"end":{"line":66,"column":null}},{"start":{"line":67,"column":8},"end":{"line":67,"column":null}}]}},"s":{"0":1,"1":3,"2":1,"3":2,"4":2,"5":0,"6":1,"7":8,"8":8,"9":8,"10":8,"11":4,"12":4,"13":8,"14":1,"15":1,"16":0,"17":8,"18":3,"19":0,"20":8,"21":8,"22":1,"23":8},"f":{"0":3,"1":2,"2":8,"3":4,"4":4,"5":1,"6":3},"b":{"0":[2,0],"1":[2,0,0,0,0,0,0,0,0,0,0],"2":[0,1],"3":[0,3],"4":[1,7],"5":[1,0]}}
,"D:/Workspace/people-web/src/components/CommonButton/CommonButton.tsx": {"path":"D:/Workspace/people-web/src/components/CommonButton/CommonButton.tsx","statementMap":{"0":{"start":{"line":10,"column":45},"end":{"line":42,"column":null}},"1":{"start":{"line":17,"column":22},"end":{"line":17,"column":null}},"2":{"start":{"line":18,"column":2},"end":{"line":30,"column":null}},"3":{"start":{"line":19,"column":4},"end":{"line":28,"column":null}},"4":{"start":{"line":32,"column":2},"end":{"line":40,"column":null}}},"fnMap":{"0":{"name":"(anonymous_0)","decl":{"start":{"line":10,"column":45},"end":{"line":10,"column":46}},"loc":{"start":{"line":16,"column":6},"end":{"line":42,"column":null}}}},"branchMap":{"0":{"loc":{"start":{"line":12,"column":2},"end":{"line":12,"column":null}},"type":"default-arg","locations":[{"start":{"line":12,"column":14},"end":{"line":12,"column":null}}]},"1":{"loc":{"start":{"line":13,"column":2},"end":{"line":13,"column":null}},"type":"default-arg","locations":[{"start":{"line":13,"column":15},"end":{"line":13,"column":null}}]},"2":{"loc":{"start":{"line":18,"column":2},"end":{"line":30,"column":null}},"type":"if","locations":[{"start":{"line":18,"column":2},"end":{"line":30,"column":null}},{"start":{},"end":{}}]}},"s":{"0":2,"1":18,"2":18,"3":1,"4":18},"f":{"0":18},"b":{"0":[9],"1":[10],"2":[1,17]}}
,"D:/Workspace/people-web/src/components/CommonDialog/CommonDialog.tsx": {"path":"D:/Workspace/people-web/src/components/CommonDialog/CommonDialog.tsx","statementMap":{"0":{"start":{"line":8,"column":45},"end":{"line":26,"column":null}},"1":{"start":{"line":9,"column":13},"end":{"line":9,"column":null}},"2":{"start":{"line":11,"column":2},"end":{"line":13,"column":null}},"3":{"start":{"line":12,"column":4},"end":{"line":12,"column":null}},"4":{"start":{"line":15,"column":2},"end":{"line":25,"column":null}},"5":{"start":{"line":19,"column":24},"end":{"line":19,"column":null}}},"fnMap":{"0":{"name":"(anonymous_0)","decl":{"start":{"line":8,"column":45},"end":{"line":8,"column":46}},"loc":{"start":{"line":8,"column":63},"end":{"line":26,"column":null}}},"1":{"name":"(anonymous_1)","decl":{"start":{"line":19,"column":17},"end":{"line":19,"column":18}},"loc":{"start":{"line":19,"column":24},"end":{"line":19,"column":null}}}},"branchMap":{"0":{"loc":{"start":{"line":11,"column":2},"end":{"line":13,"column":null}},"type":"if","locations":[{"start":{"line":11,"column":2},"end":{"line":13,"column":null}},{"start":{},"end":{}}]}},"s":{"0":0,"1":0,"2":0,"3":0,"4":0,"5":0},"f":{"0":0,"1":0},"b":{"0":[0,0]}}
,"D:/Workspace/people-web/src/components/PageLayout/PageLayout.tsx": {"path":"D:/Workspace/people-web/src/components/PageLayout/PageLayout.tsx","statementMap":{"0":{"start":{"line":12,"column":41},"end":{"line":33,"column":null}},"1":{"start":{"line":17,"column":19},"end":{"line":17,"column":null}},"2":{"start":{"line":19,"column":23},"end":{"line":21,"column":null}},"3":{"start":{"line":20,"column":4},"end":{"line":20,"column":null}},"4":{"start":{"line":23,"column":2},"end":{"line":31,"column":null}}},"fnMap":{"0":{"name":"(anonymous_0)","decl":{"start":{"line":12,"column":41},"end":{"line":12,"column":42}},"loc":{"start":{"line":16,"column":6},"end":{"line":33,"column":null}}},"1":{"name":"(anonymous_1)","decl":{"start":{"line":19,"column":35},"end":{"line":19,"column":41}},"loc":{"start":{"line":19,"column":41},"end":{"line":21,"column":5}}}},"branchMap":{},"s":{"0":0,"1":0,"2":0,"3":0,"4":0},"f":{"0":0,"1":0},"b":{}}
,"D:/Workspace/people-web/src/components/PageLayout/subcomponents/Appbar.tsx": {"path":"D:/Workspace/people-web/src/components/PageLayout/subcomponents/Appbar.tsx","statementMap":{"0":{"start":{"line":10,"column":33},"end":{"line":39,"column":null}},"1":{"start":{"line":15,"column":28},"end":{"line":20,"column":null}},"2":{"start":{"line":16,"column":28},"end":{"line":18,"column":null}},"3":{"start":{"line":17,"column":6},"end":{"line":17,"column":null}},"4":{"start":{"line":22,"column":2},"end":{"line":37,"column":null}},"5":{"start":{"line":26,"column":10},"end":{"line":31,"column":null}}},"fnMap":{"0":{"name":"(anonymous_0)","decl":{"start":{"line":10,"column":33},"end":{"line":10,"column":34}},"loc":{"start":{"line":14,"column":6},"end":{"line":39,"column":null}}},"1":{"name":"(anonymous_1)","decl":{"start":{"line":16,"column":4},"end":{"line":16,"column":5}},"loc":{"start":{"line":16,"column":28},"end":{"line":18,"column":null}}},"2":{"name":"(anonymous_2)","decl":{"start":{"line":16,"column":28},"end":{"line":16,"column":34}},"loc":{"start":{"line":16,"column":34},"end":{"line":18,"column":null}}},"3":{"name":"(anonymous_3)","decl":{"start":{"line":25,"column":25},"end":{"line":25,"column":26}},"loc":{"start":{"line":26,"column":10},"end":{"line":31,"column":null}}}},"branchMap":{},"s":{"0":0,"1":0,"2":0,"3":0,"4":0,"5":0},"f":{"0":0,"1":0,"2":0,"3":0},"b":{}}
,"D:/Workspace/people-web/src/components/PeopleTable/PeopleTable.tsx": {"path":"D:/Workspace/people-web/src/components/PeopleTable/PeopleTable.tsx","statementMap":{"0":{"start":{"line":10,"column":43},"end":{"line":29,"column":null}},"1":{"start":{"line":11,"column":2},"end":{"line":20,"column":null}},"2":{"start":{"line":12,"column":4},"end":{"line":18,"column":null}},"3":{"start":{"line":22,"column":2},"end":{"line":27,"column":null}}},"fnMap":{"0":{"name":"(anonymous_0)","decl":{"start":{"line":10,"column":43},"end":{"line":10,"column":44}},"loc":{"start":{"line":10,"column":62},"end":{"line":29,"column":null}}}},"branchMap":{"0":{"loc":{"start":{"line":11,"column":2},"end":{"line":20,"column":null}},"type":"if","locations":[{"start":{"line":11,"column":2},"end":{"line":20,"column":null}},{"start":{},"end":{}}]}},"s":{"0":0,"1":0,"2":0,"3":0},"f":{"0":0},"b":{"0":[0,0]}}
,"D:/Workspace/people-web/src/components/PeopleTable/utils.tsx": {"path":"D:/Workspace/people-web/src/components/PeopleTable/utils.tsx","statementMap":{"0":{"start":{"line":4,"column":34},"end":{"line":12,"column":null}},"1":{"start":{"line":8,"column":2},"end":{"line":10,"column":null}},"2":{"start":{"line":9,"column":4},"end":{"line":9,"column":null}},"3":{"start":{"line":11,"column":2},"end":{"line":11,"column":null}}},"fnMap":{"0":{"name":"(anonymous_0)","decl":{"start":{"line":4,"column":34},"end":{"line":4,"column":null}},"loc":{"start":{"line":7,"column":16},"end":{"line":12,"column":null}}}},"branchMap":{"0":{"loc":{"start":{"line":8,"column":2},"end":{"line":10,"column":null}},"type":"if","locations":[{"start":{"line":8,"column":2},"end":{"line":10,"column":null}},{"start":{},"end":{}}]},"1":{"loc":{"start":{"line":8,"column":6},"end":{"line":8,"column":62}},"type":"binary-expr","locations":[{"start":{"line":8,"column":6},"end":{"line":8,"column":25}},{"start":{"line":8,"column":25},"end":{"line":8,"column":62}}]},"2":{"loc":{"start":{"line":9,"column":11},"end":{"line":9,"column":null}},"type":"cond-expr","locations":[{"start":{"line":9,"column":44},"end":{"line":9,"column":58}},{"start":{"line":9,"column":58},"end":{"line":9,"column":null}}]}},"s":{"0":0,"1":0,"2":0,"3":0},"f":{"0":0},"b":{"0":[0,0],"1":[0,0],"2":[0,0]}}
,"D:/Workspace/people-web/src/components/PeopleTable/subcomponents/Pagination.tsx": {"path":"D:/Workspace/people-web/src/components/PeopleTable/subcomponents/Pagination.tsx","statementMap":{"0":{"start":{"line":6,"column":23},"end":{"line":61,"column":null}},"1":{"start":{"line":7,"column":19},"end":{"line":7,"column":null}},"2":{"start":{"line":8,"column":26},"end":{"line":10,"column":null}},"3":{"start":{"line":9,"column":15},"end":{"line":9,"column":null}},"4":{"start":{"line":12,"column":33},"end":{"line":17,"column":null}},"5":{"start":{"line":13,"column":39},"end":{"line":15,"column":null}},"6":{"start":{"line":14,"column":6},"end":{"line":14,"column":null}},"7":{"start":{"line":20,"column":2},"end":{"line":22,"column":null}},"8":{"start":{"line":21,"column":4},"end":{"line":21,"column":null}},"9":{"start":{"line":24,"column":22},"end":{"line":24,"column":null}},"10":{"start":{"line":26,"column":4},"end":{"line":26,"column":null}},"11":{"start":{"line":28,"column":2},"end":{"line":59,"column":null}}},"fnMap":{"0":{"name":"(anonymous_0)","decl":{"start":{"line":6,"column":23},"end":{"line":6,"column":29}},"loc":{"start":{"line":6,"column":29},"end":{"line":61,"column":null}}},"1":{"name":"(anonymous_1)","decl":{"start":{"line":9,"column":4},"end":{"line":9,"column":5}},"loc":{"start":{"line":9,"column":15},"end":{"line":9,"column":null}}},"2":{"name":"(anonymous_2)","decl":{"start":{"line":13,"column":4},"end":{"line":13,"column":5}},"loc":{"start":{"line":13,"column":39},"end":{"line":15,"column":null}}},"3":{"name":"(anonymous_3)","decl":{"start":{"line":13,"column":39},"end":{"line":13,"column":45}},"loc":{"start":{"line":13,"column":45},"end":{"line":15,"column":null}}}},"branchMap":{"0":{"loc":{"start":{"line":20,"column":2},"end":{"line":22,"column":null}},"type":"if","locations":[{"start":{"line":20,"column":2},"end":{"line":22,"column":null}},{"start":{},"end":{}}]}},"s":{"0":0,"1":0,"2":0,"3":0,"4":0,"5":0,"6":0,"7":0,"8":0,"9":0,"10":0,"11":0},"f":{"0":0,"1":0,"2":0,"3":0},"b":{"0":[0,0]}}
,"D:/Workspace/people-web/src/components/PeopleTable/subcomponents/TableComponent.tsx": {"path":"D:/Workspace/people-web/src/components/PeopleTable/subcomponents/TableComponent.tsx","statementMap":{"0":{"start":{"line":8,"column":27},"end":{"line":103,"column":null}},"1":{"start":{"line":9,"column":19},"end":{"line":9,"column":null}},"2":{"start":{"line":11,"column":28},"end":{"line":13,"column":null}},"3":{"start":{"line":12,"column":15},"end":{"line":12,"column":null}},"4":{"start":{"line":14,"column":23},"end":{"line":16,"column":null}},"5":{"start":{"line":15,"column":15},"end":{"line":15,"column":null}},"6":{"start":{"line":18,"column":24},"end":{"line":23,"column":null}},"7":{"start":{"line":19,"column":30},"end":{"line":21,"column":null}},"8":{"start":{"line":20,"column":6},"end":{"line":20,"column":null}},"9":{"start":{"line":25,"column":2},"end":{"line":101,"column":null}},"10":{"start":{"line":97,"column":12},"end":{"line":97,"column":null}}},"fnMap":{"0":{"name":"(anonymous_0)","decl":{"start":{"line":8,"column":27},"end":{"line":8,"column":33}},"loc":{"start":{"line":8,"column":33},"end":{"line":103,"column":null}}},"1":{"name":"(anonymous_1)","decl":{"start":{"line":12,"column":4},"end":{"line":12,"column":5}},"loc":{"start":{"line":12,"column":15},"end":{"line":12,"column":null}}},"2":{"name":"(anonymous_2)","decl":{"start":{"line":15,"column":4},"end":{"line":15,"column":5}},"loc":{"start":{"line":15,"column":15},"end":{"line":15,"column":null}}},"3":{"name":"(anonymous_3)","decl":{"start":{"line":19,"column":4},"end":{"line":19,"column":5}},"loc":{"start":{"line":19,"column":30},"end":{"line":21,"column":null}}},"4":{"name":"(anonymous_4)","decl":{"start":{"line":19,"column":30},"end":{"line":19,"column":36}},"loc":{"start":{"line":19,"column":36},"end":{"line":21,"column":null}}},"5":{"name":"(anonymous_5)","decl":{"start":{"line":96,"column":33},"end":{"line":96,"column":34}},"loc":{"start":{"line":97,"column":12},"end":{"line":97,"column":null}}}},"branchMap":{},"s":{"0":0,"1":0,"2":0,"3":0,"4":0,"5":0,"6":0,"7":0,"8":0,"9":0,"10":0},"f":{"0":0,"1":0,"2":0,"3":0,"4":0,"5":0},"b":{}}
,"D:/Workspace/people-web/src/components/PeopleTable/subcomponents/TableRow.tsx": {"path":"D:/Workspace/people-web/src/components/PeopleTable/subcomponents/TableRow.tsx","statementMap":{"0":{"start":{"line":14,"column":37},"end":{"line":106,"column":null}},"1":{"start":{"line":15,"column":19},"end":{"line":15,"column":null}},"2":{"start":{"line":16,"column":23},"end":{"line":18,"column":null}},"3":{"start":{"line":17,"column":15},"end":{"line":17,"column":null}},"4":{"start":{"line":19,"column":34},"end":{"line":21,"column":null}},"5":{"start":{"line":20,"column":15},"end":{"line":20,"column":null}},"6":{"start":{"line":24,"column":4},"end":{"line":24,"column":null}},"7":{"start":{"line":26,"column":29},"end":{"line":31,"column":null}},"8":{"start":{"line":27,"column":26},"end":{"line":29,"column":null}},"9":{"start":{"line":28,"column":6},"end":{"line":28,"column":null}},"10":{"start":{"line":33,"column":29},"end":{"line":44,"column":null}},"11":{"start":{"line":35,"column":6},"end":{"line":35,"column":null}},"12":{"start":{"line":36,"column":6},"end":{"line":41,"column":null}},"13":{"start":{"line":46,"column":20},"end":{"line":49,"column":null}},"14":{"start":{"line":47,"column":10},"end":{"line":47,"column":null}},"15":{"start":{"line":47,"column":36},"end":{"line":47,"column":52}},"16":{"start":{"line":52,"column":21},"end":{"line":52,"column":null}},"17":{"start":{"line":54,"column":2},"end":{"line":104,"column":null}}},"fnMap":{"0":{"name":"(anonymous_0)","decl":{"start":{"line":14,"column":37},"end":{"line":14,"column":38}},"loc":{"start":{"line":14,"column":53},"end":{"line":106,"column":null}}},"1":{"name":"(anonymous_1)","decl":{"start":{"line":17,"column":4},"end":{"line":17,"column":5}},"loc":{"start":{"line":17,"column":15},"end":{"line":17,"column":null}}},"2":{"name":"(anonymous_2)","decl":{"start":{"line":20,"column":4},"end":{"line":20,"column":5}},"loc":{"start":{"line":20,"column":15},"end":{"line":20,"column":null}}},"3":{"name":"(anonymous_3)","decl":{"start":{"line":27,"column":4},"end":{"line":27,"column":5}},"loc":{"start":{"line":27,"column":26},"end":{"line":29,"column":null}}},"4":{"name":"(anonymous_4)","decl":{"start":{"line":27,"column":26},"end":{"line":27,"column":32}},"loc":{"start":{"line":27,"column":32},"end":{"line":29,"column":null}}},"5":{"name":"(anonymous_5)","decl":{"start":{"line":34,"column":4},"end":{"line":34,"column":5}},"loc":{"start":{"line":34,"column":42},"end":{"line":42,"column":null}}},"6":{"name":"(anonymous_6)","decl":{"start":{"line":47,"column":4},"end":{"line":47,"column":10}},"loc":{"start":{"line":47,"column":10},"end":{"line":47,"column":null}}},"7":{"name":"(anonymous_7)","decl":{"start":{"line":47,"column":28},"end":{"line":47,"column":29}},"loc":{"start":{"line":47,"column":36},"end":{"line":47,"column":52}}}},"branchMap":{"0":{"loc":{"start":{"line":38,"column":16},"end":{"line":38,"column":null}},"type":"cond-expr","locations":[{"start":{"line":38,"column":35},"end":{"line":38,"column":43}},{"start":{"line":38,"column":43},"end":{"line":38,"column":null}}]},"1":{"loc":{"start":{"line":52,"column":21},"end":{"line":52,"column":null}},"type":"binary-expr","locations":[{"start":{"line":52,"column":21},"end":{"line":52,"column":48}},{"start":{"line":52,"column":48},"end":{"line":52,"column":null}}]}},"s":{"0":0,"1":0,"2":0,"3":0,"4":0,"5":0,"6":0,"7":0,"8":0,"9":0,"10":0,"11":0,"12":0,"13":0,"14":0,"15":0,"16":0,"17":0},"f":{"0":0,"1":0,"2":0,"3":0,"4":0,"5":0,"6":0,"7":0},"b":{"0":[0,0],"1":[0,0]}}
,"D:/Workspace/people-web/src/components/PeopleTable/subcomponents/Toolbar.tsx": {"path":"D:/Workspace/people-web/src/components/PeopleTable/subcomponents/Toolbar.tsx","statementMap":{"0":{"start":{"line":10,"column":20},"end":{"line":66,"column":null}},"1":{"start":{"line":11,"column":19},"end":{"line":11,"column":null}},"2":{"start":{"line":13,"column":4},"end":{"line":13,"column":null}},"3":{"start":{"line":14,"column":23},"end":{"line":16,"column":null}},"4":{"start":{"line":15,"column":15},"end":{"line":15,"column":null}},"5":{"start":{"line":18,"column":25},"end":{"line":18,"column":null}},"6":{"start":{"line":19,"column":40},"end":{"line":19,"column":null}},"7":{"start":{"line":21,"column":28},"end":{"line":23,"column":null}},"8":{"start":{"line":22,"column":4},"end":{"line":22,"column":null}},"9":{"start":{"line":25,"column":34},"end":{"line":30,"column":null}},"10":{"start":{"line":27,"column":6},"end":{"line":27,"column":null}},"11":{"start":{"line":32,"column":23},"end":{"line":34,"column":null}},"12":{"start":{"line":33,"column":4},"end":{"line":33,"column":null}},"13":{"start":{"line":36,"column":2},"end":{"line":64,"column":null}}},"fnMap":{"0":{"name":"(anonymous_0)","decl":{"start":{"line":10,"column":20},"end":{"line":10,"column":26}},"loc":{"start":{"line":10,"column":26},"end":{"line":66,"column":null}}},"1":{"name":"(anonymous_1)","decl":{"start":{"line":15,"column":4},"end":{"line":15,"column":5}},"loc":{"start":{"line":15,"column":15},"end":{"line":15,"column":null}}},"2":{"name":"(anonymous_2)","decl":{"start":{"line":21,"column":40},"end":{"line":21,"column":46}},"loc":{"start":{"line":21,"column":46},"end":{"line":23,"column":5}}},"3":{"name":"(anonymous_3)","decl":{"start":{"line":26,"column":4},"end":{"line":26,"column":5}},"loc":{"start":{"line":26,"column":42},"end":{"line":28,"column":null}}},"4":{"name":"(anonymous_4)","decl":{"start":{"line":32,"column":35},"end":{"line":32,"column":41}},"loc":{"start":{"line":32,"column":41},"end":{"line":34,"column":5}}}},"branchMap":{"0":{"loc":{"start":{"line":51,"column":9},"end":{"line":55,"column":null}},"type":"binary-expr","locations":[{"start":{"line":51,"column":9},"end":{"line":51,"column":null}},{"start":{"line":52,"column":10},"end":{"line":55,"column":null}}]},"1":{"loc":{"start":{"line":57,"column":9},"end":{"line":61,"column":null}},"type":"binary-expr","locations":[{"start":{"line":57,"column":9},"end":{"line":57,"column":null}},{"start":{"line":58,"column":10},"end":{"line":61,"column":null}}]}},"s":{"0":0,"1":0,"2":0,"3":0,"4":0,"5":0,"6":0,"7":0,"8":0,"9":0,"10":0,"11":0,"12":0,"13":0},"f":{"0":0,"1":0,"2":0,"3":0,"4":0},"b":{"0":[0,0],"1":[0,0]}}
,"D:/Workspace/people-web/src/redux/authTokenSlice.ts": {"path":"D:/Workspace/people-web/src/redux/authTokenSlice.ts","statementMap":{"0":{"start":{"line":9,"column":37},"end":{"line":11,"column":null}},"1":{"start":{"line":13,"column":30},"end":{"line":28,"column":null}},"2":{"start":{"line":18,"column":6},"end":{"line":18,"column":null}},"3":{"start":{"line":19,"column":6},"end":{"line":21,"column":null}},"4":{"start":{"line":24,"column":6},"end":{"line":24,"column":null}},"5":{"start":{"line":25,"column":6},"end":{"line":25,"column":null}},"6":{"start":{"line":30,"column":30},"end":{"line":30,"column":null}},"7":{"start":{"line":32,"column":31},"end":{"line":32,"column":null}},"8":{"start":{"line":32,"column":53},"end":{"line":32,"column":null}}},"fnMap":{"0":{"name":"(anonymous_0)","decl":{"start":{"line":17,"column":9},"end":{"line":17,"column":10}},"loc":{"start":{"line":17,"column":51},"end":{"line":22,"column":null}}},"1":{"name":"(anonymous_1)","decl":{"start":{"line":23,"column":11},"end":{"line":23,"column":12}},"loc":{"start":{"line":23,"column":22},"end":{"line":26,"column":null}}},"2":{"name":"(anonymous_2)","decl":{"start":{"line":32,"column":31},"end":{"line":32,"column":32}},"loc":{"start":{"line":32,"column":53},"end":{"line":32,"column":null}}}},"branchMap":{"0":{"loc":{"start":{"line":10,"column":9},"end":{"line":10,"column":null}},"type":"binary-expr","locations":[{"start":{"line":10,"column":9},"end":{"line":10,"column":37}},{"start":{"line":10,"column":37},"end":{"line":10,"column":null}}]}},"s":{"0":0,"1":0,"2":0,"3":0,"4":0,"5":0,"6":0,"7":0,"8":0},"f":{"0":0,"1":0,"2":0},"b":{"0":[0,0]}}
,"D:/Workspace/people-web/src/redux/loginApi.ts": {"path":"D:/Workspace/people-web/src/redux/loginApi.ts","statementMap":{"0":{"start":{"line":14,"column":32},"end":{"line":14,"column":null}},"1":{"start":{"line":16,"column":24},"end":{"line":38,"column":null}},"2":{"start":{"line":21,"column":27},"end":{"line":37,"column":null}},"3":{"start":{"line":23,"column":31},"end":{"line":27,"column":null}},"4":{"start":{"line":29,"column":8},"end":{"line":34,"column":null}},"5":{"start":{"line":30,"column":27},"end":{"line":30,"column":null}},"6":{"start":{"line":31,"column":10},"end":{"line":31,"column":null}},"7":{"start":{"line":33,"column":10},"end":{"line":33,"column":null}},"8":{"start":{"line":40,"column":37},"end":{"line":40,"column":null}}},"fnMap":{"0":{"name":"(anonymous_0)","decl":{"start":{"line":21,"column":13},"end":{"line":21,"column":14}},"loc":{"start":{"line":21,"column":27},"end":{"line":37,"column":null}}},"1":{"name":"(anonymous_1)","decl":{"start":{"line":23,"column":13},"end":{"line":23,"column":14}},"loc":{"start":{"line":23,"column":31},"end":{"line":27,"column":null}}},"2":{"name":"(anonymous_2)","decl":{"start":{"line":28,"column":6},"end":{"line":28,"column":12}},"loc":{"start":{"line":28,"column":60},"end":{"line":35,"column":null}}}},"branchMap":{},"s":{"0":0,"1":0,"2":0,"3":0,"4":0,"5":0,"6":0,"7":0,"8":0},"f":{"0":0,"1":0,"2":0},"b":{}}
,"D:/Workspace/people-web/src/redux/peopleApi.ts": {"path":"D:/Workspace/people-web/src/redux/peopleApi.ts","statementMap":{"0":{"start":{"line":37,"column":24},"end":{"line":37,"column":null}},"1":{"start":{"line":39,"column":25},"end":{"line":124,"column":null}},"2":{"start":{"line":45,"column":21},"end":{"line":45,"column":null}},"3":{"start":{"line":46,"column":6},"end":{"line":48,"column":null}},"4":{"start":{"line":47,"column":8},"end":{"line":47,"column":null}},"5":{"start":{"line":49,"column":6},"end":{"line":49,"column":null}},"6":{"start":{"line":52,"column":27},"end":{"line":123,"column":null}},"7":{"start":{"line":54,"column":20},"end":{"line":57,"column":null}},"8":{"start":{"line":60,"column":8},"end":{"line":72,"column":null}},"9":{"start":{"line":61,"column":27},"end":{"line":61,"column":null}},"10":{"start":{"line":62,"column":10},"end":{"line":69,"column":null}},"11":{"start":{"line":64,"column":39},"end":{"line":67,"column":16}},"12":{"start":{"line":76,"column":31},"end":{"line":83,"column":null}},"13":{"start":{"line":87,"column":28},"end":{"line":90,"column":null}},"14":{"start":{"line":95,"column":8},"end":{"line":109,"column":null}},"15":{"start":{"line":96,"column":10},"end":{"line":105,"column":null}},"16":{"start":{"line":98,"column":14},"end":{"line":103,"column":null}},"17":{"start":{"line":106,"column":10},"end":{"line":106,"column":null}},"18":{"start":{"line":108,"column":10},"end":{"line":108,"column":null}},"19":{"start":{"line":113,"column":8},"end":{"line":120,"column":null}},"20":{"start":{"line":114,"column":10},"end":{"line":114,"column":null}},"21":{"start":{"line":115,"column":10},"end":{"line":115,"column":null}},"22":{"start":{"line":116,"column":10},"end":{"line":116,"column":null}},"23":{"start":{"line":117,"column":10},"end":{"line":117,"column":null}},"24":{"start":{"line":131,"column":4},"end":{"line":131,"column":null}}},"fnMap":{"0":{"name":"(anonymous_0)","decl":{"start":{"line":44,"column":20},"end":{"line":44,"column":21}},"loc":{"start":{"line":44,"column":47},"end":{"line":50,"column":null}}},"1":{"name":"(anonymous_1)","decl":{"start":{"line":52,"column":13},"end":{"line":52,"column":14}},"loc":{"start":{"line":52,"column":27},"end":{"line":123,"column":null}}},"2":{"name":"(anonymous_2)","decl":{"start":{"line":54,"column":13},"end":{"line":54,"column":20}},"loc":{"start":{"line":54,"column":20},"end":{"line":57,"column":null}}},"3":{"name":"(anonymous_3)","decl":{"start":{"line":59,"column":6},"end":{"line":59,"column":12}},"loc":{"start":{"line":59,"column":60},"end":{"line":73,"column":null}}},"4":{"name":"(anonymous_4)","decl":{"start":{"line":64,"column":23},"end":{"line":64,"column":24}},"loc":{"start":{"line":64,"column":39},"end":{"line":67,"column":16}}},"5":{"name":"(anonymous_5)","decl":{"start":{"line":76,"column":13},"end":{"line":76,"column":14}},"loc":{"start":{"line":76,"column":31},"end":{"line":83,"column":null}}},"6":{"name":"(anonymous_6)","decl":{"start":{"line":87,"column":13},"end":{"line":87,"column":14}},"loc":{"start":{"line":87,"column":28},"end":{"line":90,"column":null}}},"7":{"name":"(anonymous_7)","decl":{"start":{"line":94,"column":15},"end":{"line":94,"column":22}},"loc":{"start":{"line":94,"column":40},"end":{"line":110,"column":null}}},"8":{"name":"(anonymous_8)","decl":{"start":{"line":97,"column":24},"end":{"line":97,"column":25}},"loc":{"start":{"line":98,"column":14},"end":{"line":103,"column":null}}},"9":{"name":"(anonymous_9)","decl":{"start":{"line":112,"column":6},"end":{"line":112,"column":12}},"loc":{"start":{"line":112,"column":60},"end":{"line":121,"column":null}}}},"branchMap":{"0":{"loc":{"start":{"line":46,"column":6},"end":{"line":48,"column":null}},"type":"if","locations":[{"start":{"line":46,"column":6},"end":{"line":48,"column":null}},{"start":{},"end":{}}]}},"s":{"0":1,"1":1,"2":0,"3":0,"4":0,"5":0,"6":1,"7":0,"8":0,"9":0,"10":0,"11":0,"12":0,"13":0,"14":0,"15":0,"16":0,"17":0,"18":0,"19":0,"20":0,"21":0,"22":0,"23":0,"24":1},"f":{"0":0,"1":1,"2":0,"3":0,"4":0,"5":0,"6":0,"7":0,"8":0,"9":0},"b":{"0":[0,0]}}
,"D:/Workspace/people-web/src/redux/peopleSlice.ts": {"path":"D:/Workspace/people-web/src/redux/peopleSlice.ts","statementMap":{"0":{"start":{"line":44,"column":40},"end":{"line":51,"column":null}},"1":{"start":{"line":53,"column":32},"end":{"line":194,"column":null}},"2":{"start":{"line":58,"column":6},"end":{"line":58,"column":null}},"3":{"start":{"line":59,"column":6},"end":{"line":63,"column":null}},"4":{"start":{"line":64,"column":6},"end":{"line":71,"column":null}},"5":{"start":{"line":69,"column":8},"end":{"line":70,"column":null}},"6":{"start":{"line":72,"column":6},"end":{"line":75,"column":null}},"7":{"start":{"line":76,"column":6},"end":{"line":79,"column":null}},"8":{"start":{"line":80,"column":6},"end":{"line":83,"column":null}},"9":{"start":{"line":86,"column":6},"end":{"line":119,"column":null}},"10":{"start":{"line":87,"column":8},"end":{"line":112,"column":null}},"11":{"start":{"line":89,"column":12},"end":{"line":92,"column":null}},"12":{"start":{"line":93,"column":12},"end":{"line":93,"column":null}},"13":{"start":{"line":95,"column":12},"end":{"line":98,"column":null}},"14":{"start":{"line":99,"column":12},"end":{"line":99,"column":null}},"15":{"start":{"line":101,"column":12},"end":{"line":104,"column":null}},"16":{"start":{"line":105,"column":12},"end":{"line":105,"column":null}},"17":{"start":{"line":107,"column":12},"end":{"line":110,"column":null}},"18":{"start":{"line":111,"column":12},"end":{"line":111,"column":null}},"19":{"start":{"line":113,"column":8},"end":{"line":116,"column":null}},"20":{"start":{"line":118,"column":8},"end":{"line":118,"column":null}},"21":{"start":{"line":123,"column":6},"end":{"line":126,"column":null}},"22":{"start":{"line":128,"column":6},"end":{"line":131,"column":null}},"23":{"start":{"line":133,"column":6},"end":{"line":137,"column":null}},"24":{"start":{"line":139,"column":6},"end":{"line":144,"column":null}},"25":{"start":{"line":140,"column":8},"end":{"line":143,"column":null}},"26":{"start":{"line":148,"column":6},"end":{"line":148,"column":null}},"27":{"start":{"line":150,"column":6},"end":{"line":153,"column":null}},"28":{"start":{"line":155,"column":6},"end":{"line":159,"column":null}},"29":{"start":{"line":161,"column":6},"end":{"line":166,"column":null}},"30":{"start":{"line":162,"column":8},"end":{"line":165,"column":null}},"31":{"start":{"line":172,"column":6},"end":{"line":188,"column":null}},"32":{"start":{"line":174,"column":10},"end":{"line":176,"column":null}},"33":{"start":{"line":175,"column":12},"end":{"line":175,"column":null}},"34":{"start":{"line":177,"column":10},"end":{"line":177,"column":null}},"35":{"start":{"line":179,"column":10},"end":{"line":183,"column":null}},"36":{"start":{"line":180,"column":12},"end":{"line":182,"column":null}},"37":{"start":{"line":181,"column":22},"end":{"line":181,"column":null}},"38":{"start":{"line":184,"column":10},"end":{"line":184,"column":null}},"39":{"start":{"line":186,"column":10},"end":{"line":186,"column":null}},"40":{"start":{"line":187,"column":10},"end":{"line":187,"column":null}},"41":{"start":{"line":191,"column":6},"end":{"line":191,"column":null}},"42":{"start":{"line":203,"column":4},"end":{"line":203,"column":null}}},"fnMap":{"0":{"name":"(anonymous_0)","decl":{"start":{"line":57,"column":23},"end":{"line":57,"column":24}},"loc":{"start":{"line":57,"column":68},"end":{"line":84,"column":null}}},"1":{"name":"(anonymous_1)","decl":{"start":{"line":85,"column":18},"end":{"line":85,"column":19}},"loc":{"start":{"line":85,"column":67},"end":{"line":120,"column":null}}},"2":{"name":"(anonymous_2)","decl":{"start":{"line":121,"column":15},"end":{"line":121,"column":16}},"loc":{"start":{"line":121,"column":57},"end":{"line":145,"column":null}}},"3":{"name":"(anonymous_3)","decl":{"start":{"line":146,"column":17},"end":{"line":146,"column":18}},"loc":{"start":{"line":146,"column":59},"end":{"line":167,"column":null}}},"4":{"name":"(anonymous_4)","decl":{"start":{"line":168,"column":33},"end":{"line":168,"column":null}},"loc":{"start":{"line":171,"column":9},"end":{"line":189,"column":null}}},"5":{"name":"(anonymous_5)","decl":{"start":{"line":181,"column":14},"end":{"line":181,"column":15}},"loc":{"start":{"line":181,"column":22},"end":{"line":181,"column":null}}},"6":{"name":"(anonymous_6)","decl":{"start":{"line":190,"column":29},"end":{"line":190,"column":30}},"loc":{"start":{"line":190,"column":72},"end":{"line":192,"column":null}}}},"branchMap":{"0":{"loc":{"start":{"line":60,"column":21},"end":{"line":60,"column":null}},"type":"binary-expr","locations":[{"start":{"line":60,"column":21},"end":{"line":60,"column":66}},{"start":{"line":60,"column":66},"end":{"line":60,"column":null}}]},"1":{"loc":{"start":{"line":64,"column":6},"end":{"line":71,"column":null}},"type":"if","locations":[{"start":{"line":64,"column":6},"end":{"line":71,"column":null}},{"start":{},"end":{}}]},"2":{"loc":{"start":{"line":72,"column":34},"end":{"line":75,"column":null}},"type":"binary-expr","locations":[{"start":{"line":72,"column":34},"end":{"line":72,"column":63}},{"start":{"line":72,"column":63},"end":{"line":75,"column":null}}]},"3":{"loc":{"start":{"line":86,"column":6},"end":{"line":119,"column":null}},"type":"if","locations":[{"start":{"line":86,"column":6},"end":{"line":119,"column":null}},{"start":{"line":117,"column":13},"end":{"line":119,"column":null}}]},"4":{"loc":{"start":{"line":87,"column":8},"end":{"line":112,"column":null}},"type":"switch","locations":[{"start":{"line":88,"column":10},"end":{"line":93,"column":null}},{"start":{"line":94,"column":10},"end":{"line":99,"column":null}},{"start":{"line":100,"column":10},"end":{"line":105,"column":null}},{"start":{"line":106,"column":10},"end":{"line":111,"column":null}}]},"5":{"loc":{"start":{"line":125,"column":14},"end":{"line":125,"column":null}},"type":"cond-expr","locations":[{"start":{"line":125,"column":58},"end":{"line":125,"column":67}},{"start":{"line":125,"column":67},"end":{"line":125,"column":null}}]},"6":{"loc":{"start":{"line":139,"column":6},"end":{"line":144,"column":null}},"type":"if","locations":[{"start":{"line":139,"column":6},"end":{"line":144,"column":null}},{"start":{},"end":{}}]},"7":{"loc":{"start":{"line":161,"column":6},"end":{"line":166,"column":null}},"type":"if","locations":[{"start":{"line":161,"column":6},"end":{"line":166,"column":null}},{"start":{},"end":{}}]},"8":{"loc":{"start":{"line":172,"column":6},"end":{"line":188,"column":null}},"type":"switch","locations":[{"start":{"line":173,"column":8},"end":{"line":177,"column":null}},{"start":{"line":178,"column":8},"end":{"line":184,"column":null}},{"start":{"line":185,"column":8},"end":{"line":187,"column":null}}]},"9":{"loc":{"start":{"line":174,"column":10},"end":{"line":176,"column":null}},"type":"if","locations":[{"start":{"line":174,"column":10},"end":{"line":176,"column":null}},{"start":{},"end":{}}]},"10":{"loc":{"start":{"line":179,"column":10},"end":{"line":183,"column":null}},"type":"if","locations":[{"start":{"line":179,"column":10},"end":{"line":183,"column":null}},{"start":{},"end":{}}]}},"s":{"0":2,"1":2,"2":0,"3":0,"4":0,"5":0,"6":0,"7":0,"8":0,"9":0,"10":0,"11":0,"12":0,"13":0,"14":0,"15":0,"16":0,"17":0,"18":0,"19":0,"20":0,"21":0,"22":0,"23":0,"24":0,"25":0,"26":0,"27":0,"28":0,"29":0,"30":0,"31":5,"32":3,"33":3,"34":3,"35":1,"36":1,"37":0,"38":1,"39":1,"40":1,"41":2,"42":2},"f":{"0":0,"1":0,"2":0,"3":0,"4":5,"5":0,"6":2},"b":{"0":[0,0],"1":[0,0],"2":[0,0],"3":[0,0],"4":[0,0,0,0],"5":[0,0],"6":[0,0],"7":[0,0],"8":[3,1,1],"9":[3,0],"10":[1,0]}}
,"D:/Workspace/people-web/src/utils/errorMessageParser.ts": {"path":"D:/Workspace/people-web/src/utils/errorMessageParser.ts","statementMap":{"0":{"start":{"line":10,"column":27},"end":{"line":23,"column":null}},"1":{"start":{"line":13,"column":2},"end":{"line":20,"column":null}},"2":{"start":{"line":14,"column":4},"end":{"line":14,"column":null}},"3":{"start":{"line":15,"column":2},"end":{"line":20,"column":null}},"4":{"start":{"line":16,"column":4},"end":{"line":18,"column":null}},"5":{"start":{"line":22,"column":2},"end":{"line":22,"column":null}}},"fnMap":{"0":{"name":"(anonymous_0)","decl":{"start":{"line":10,"column":27},"end":{"line":10,"column":null}},"loc":{"start":{"line":12,"column":13},"end":{"line":23,"column":null}}}},"branchMap":{"0":{"loc":{"start":{"line":13,"column":2},"end":{"line":20,"column":null}},"type":"if","locations":[{"start":{"line":13,"column":2},"end":{"line":20,"column":null}},{"start":{"line":15,"column":2},"end":{"line":20,"column":null}}]},"1":{"loc":{"start":{"line":15,"column":2},"end":{"line":20,"column":null}},"type":"if","locations":[{"start":{"line":15,"column":2},"end":{"line":20,"column":null}},{"start":{},"end":{}}]},"2":{"loc":{"start":{"line":17,"column":8},"end":{"line":18,"column":null}},"type":"binary-expr","locations":[{"start":{"line":17,"column":8},"end":{"line":17,"column":null}},{"start":{"line":18,"column":6},"end":{"line":18,"column":null}}]}},"s":{"0":1,"1":0,"2":0,"3":0,"4":0,"5":0},"f":{"0":0},"b":{"0":[0,0],"1":[0,0],"2":[0,0]}}
,"D:/Workspace/people-web/src/utils/processViewedPeopleList.ts": {"path":"D:/Workspace/people-web/src/utils/processViewedPeopleList.ts","statementMap":{"0":{"start":{"line":19,"column":32},"end":{"line":83,"column":null}},"1":{"start":{"line":24,"column":37},"end":{"line":24,"column":null}},"2":{"start":{"line":24,"column":64},"end":{"line":24,"column":66}},"3":{"start":{"line":27,"column":2},"end":{"line":59,"column":null}},"4":{"start":{"line":28,"column":4},"end":{"line":58,"column":null}},"5":{"start":{"line":30,"column":8},"end":{"line":57,"column":null}},"6":{"start":{"line":62,"column":2},"end":{"line":80,"column":null}},"7":{"start":{"line":63,"column":4},"end":{"line":71,"column":null}},"8":{"start":{"line":64,"column":6},"end":{"line":70,"column":null}},"9":{"start":{"line":72,"column":2},"end":{"line":80,"column":null}},"10":{"start":{"line":73,"column":4},"end":{"line":79,"column":null}},"11":{"start":{"line":74,"column":6},"end":{"line":78,"column":null}},"12":{"start":{"line":82,"column":2},"end":{"line":82,"column":null}}},"fnMap":{"0":{"name":"(anonymous_0)","decl":{"start":{"line":19,"column":32},"end":{"line":19,"column":null}},"loc":{"start":{"line":22,"column":16},"end":{"line":83,"column":null}}},"1":{"name":"(anonymous_1)","decl":{"start":{"line":24,"column":56},"end":{"line":24,"column":57}},"loc":{"start":{"line":24,"column":64},"end":{"line":24,"column":66}}},"2":{"name":"(anonymous_2)","decl":{"start":{"line":29,"column":6},"end":{"line":29,"column":7}},"loc":{"start":{"line":30,"column":8},"end":{"line":57,"column":null}}},"3":{"name":"(anonymous_3)","decl":{"start":{"line":63,"column":27},"end":{"line":63,"column":28}},"loc":{"start":{"line":64,"column":6},"end":{"line":70,"column":null}}},"4":{"name":"(anonymous_4)","decl":{"start":{"line":73,"column":27},"end":{"line":73,"column":28}},"loc":{"start":{"line":74,"column":6},"end":{"line":78,"column":null}}}},"branchMap":{"0":{"loc":{"start":{"line":27,"column":2},"end":{"line":59,"column":null}},"type":"if","locations":[{"start":{"line":27,"column":2},"end":{"line":59,"column":null}},{"start":{},"end":{}}]},"1":{"loc":{"start":{"line":30,"column":8},"end":{"line":57,"column":null}},"type":"binary-expr","locations":[{"start":{"line":30,"column":8},"end":{"line":30,"column":null}},{"start":{"line":31,"column":9},"end":{"line":33,"column":null}},{"start":{"line":34,"column":10},"end":{"line":36,"column":null}},{"start":{"line":37,"column":10},"end":{"line":39,"column":null}},{"start":{"line":40,"column":10},"end":{"line":42,"column":null}},{"start":{"line":43,"column":10},"end":{"line":45,"column":null}},{"start":{"line":46,"column":10},"end":{"line":48,"column":null}},{"start":{"line":49,"column":10},"end":{"line":51,"column":null}},{"start":{"line":52,"column":10},"end":{"line":54,"column":null}},{"start":{"line":55,"column":10},"end":{"line":57,"column":null}}]},"2":{"loc":{"start":{"line":62,"column":2},"end":{"line":80,"column":null}},"type":"if","locations":[{"start":{"line":62,"column":2},"end":{"line":80,"column":null}},{"start":{"line":72,"column":2},"end":{"line":80,"column":null}}]},"3":{"loc":{"start":{"line":62,"column":6},"end":{"line":62,"column":73}},"type":"binary-expr","locations":[{"start":{"line":62,"column":6},"end":{"line":62,"column":36}},{"start":{"line":62,"column":36},"end":{"line":62,"column":73}}]},"4":{"loc":{"start":{"line":72,"column":2},"end":{"line":80,"column":null}},"type":"if","locations":[{"start":{"line":72,"column":2},"end":{"line":80,"column":null}},{"start":{},"end":{}}]}},"s":{"0":2,"1":0,"2":0,"3":0,"4":0,"5":0,"6":0,"7":0,"8":0,"9":0,"10":0,"11":0,"12":0},"f":{"0":0,"1":0,"2":0,"3":0,"4":0},"b":{"0":[0,0],"1":[0,0,0,0,0,0,0,0,0,0],"2":[0,0],"3":[0,0],"4":[0,0]}}
,"D:/Workspace/people-web/src/utils/reduxHooks.ts": {"path":"D:/Workspace/people-web/src/utils/reduxHooks.ts","statementMap":{"0":{"start":{"line":4,"column":30},"end":{"line":4,"column":null}},"1":{"start":{"line":5,"column":30},"end":{"line":5,"column":null}}},"fnMap":{},"branchMap":{},"s":{"0":0,"1":0},"f":{},"b":{}}
,"D:/Workspace/people-web/src/utils/useUserAuth.ts": {"path":"D:/Workspace/people-web/src/utils/useUserAuth.ts","statementMap":{"0":{"start":{"line":4,"column":20},"end":{"line":13,"column":null}},"1":{"start":{"line":5,"column":20},"end":{"line":5,"column":null}},"2":{"start":{"line":7,"column":21},"end":{"line":7,"column":null}},"3":{"start":{"line":9,"column":2},"end":{"line":12,"column":null}}},"fnMap":{"0":{"name":"(anonymous_0)","decl":{"start":{"line":4,"column":20},"end":{"line":4,"column":26}},"loc":{"start":{"line":4,"column":26},"end":{"line":13,"column":null}}}},"branchMap":{},"s":{"0":0,"1":0,"2":0,"3":0},"f":{"0":0},"b":{}}
,"D:/Workspace/people-web/src/views/LoginDialog/LoginDialog.tsx": {"path":"D:/Workspace/people-web/src/views/LoginDialog/LoginDialog.tsx","statementMap":{"0":{"start":{"line":7,"column":24},"end":{"line":58,"column":null}},"1":{"start":{"line":8,"column":41},"end":{"line":8,"column":null}},"2":{"start":{"line":9,"column":28},"end":{"line":9,"column":null}},"3":{"start":{"line":10,"column":34},"end":{"line":10,"column":null}},"4":{"start":{"line":12,"column":22},"end":{"line":14,"column":null}},"5":{"start":{"line":13,"column":4},"end":{"line":13,"column":null}},"6":{"start":{"line":16,"column":28},"end":{"line":18,"column":null}},"7":{"start":{"line":17,"column":4},"end":{"line":17,"column":null}},"8":{"start":{"line":20,"column":31},"end":{"line":25,"column":null}},"9":{"start":{"line":22,"column":6},"end":{"line":22,"column":null}},"10":{"start":{"line":27,"column":19},"end":{"line":27,"column":null}},"11":{"start":{"line":29,"column":2},"end":{"line":56,"column":null}}},"fnMap":{"0":{"name":"(anonymous_0)","decl":{"start":{"line":7,"column":24},"end":{"line":7,"column":30}},"loc":{"start":{"line":7,"column":30},"end":{"line":58,"column":null}}},"1":{"name":"(anonymous_1)","decl":{"start":{"line":12,"column":34},"end":{"line":12,"column":40}},"loc":{"start":{"line":12,"column":40},"end":{"line":14,"column":5}}},"2":{"name":"(anonymous_2)","decl":{"start":{"line":16,"column":40},"end":{"line":16,"column":41}},"loc":{"start":{"line":16,"column":78},"end":{"line":18,"column":5}}},"3":{"name":"(anonymous_3)","decl":{"start":{"line":21,"column":4},"end":{"line":21,"column":5}},"loc":{"start":{"line":21,"column":42},"end":{"line":23,"column":null}}}},"branchMap":{},"s":{"0":0,"1":0,"2":0,"3":0,"4":0,"5":0,"6":0,"7":0,"8":0,"9":0,"10":0,"11":0},"f":{"0":0,"1":0,"2":0,"3":0},"b":{}}
,"D:/Workspace/people-web/src/views/PeopleView/PeopleView.tsx": {"path":"D:/Workspace/people-web/src/views/PeopleView/PeopleView.tsx","statementMap":{"0":{"start":{"line":8,"column":23},"end":{"line":32,"column":null}},"1":{"start":{"line":9,"column":50},"end":{"line":9,"column":null}},"2":{"start":{"line":11,"column":24},"end":{"line":11,"column":null}},"3":{"start":{"line":13,"column":32},"end":{"line":15,"column":null}},"4":{"start":{"line":14,"column":4},"end":{"line":14,"column":null}},"5":{"start":{"line":17,"column":28},"end":{"line":19,"column":null}},"6":{"start":{"line":18,"column":4},"end":{"line":18,"column":null}},"7":{"start":{"line":21,"column":2},"end":{"line":30,"column":null}}},"fnMap":{"0":{"name":"(anonymous_0)","decl":{"start":{"line":8,"column":23},"end":{"line":8,"column":29}},"loc":{"start":{"line":8,"column":29},"end":{"line":32,"column":null}}},"1":{"name":"(anonymous_1)","decl":{"start":{"line":13,"column":44},"end":{"line":13,"column":50}},"loc":{"start":{"line":13,"column":50},"end":{"line":15,"column":5}}},"2":{"name":"(anonymous_2)","decl":{"start":{"line":17,"column":40},"end":{"line":17,"column":46}},"loc":{"start":{"line":17,"column":46},"end":{"line":19,"column":5}}}},"branchMap":{"0":{"loc":{"start":{"line":27,"column":7},"end":{"line":28,"column":null}},"type":"binary-expr","locations":[{"start":{"line":27,"column":7},"end":{"line":27,"column":null}},{"start":{"line":28,"column":8},"end":{"line":28,"column":null}}]}},"s":{"0":0,"1":0,"2":0,"3":0,"4":0,"5":0,"6":0,"7":0},"f":{"0":0,"1":0,"2":0},"b":{"0":[0,0]}}
,"D:/Workspace/people-web/src/views/PeopleView/constants.ts": {"path":"D:/Workspace/people-web/src/views/PeopleView/constants.ts","statementMap":{"0":{"start":{"line":1,"column":35},"end":{"line":1,"column":null}}},"fnMap":{},"branchMap":{},"s":{"0":0},"f":{},"b":{}}
}
